0 info it worked if it ends with ok
1 verbose cli [ 'C:\\Apps\\node\\node.exe',
1 verbose cli   'C:\\Apps\\node\\node_modules\\npm\\bin\\npm-cli.js',
1 verbose cli   'run',
1 verbose cli   'start' ]
2 info using npm@3.10.10
3 info using node@v6.10.1
4 verbose run-script [ 'prestart', 'start', 'poststart' ]
5 info lifecycle closet@1.0.0~prestart: closet@1.0.0
6 silly lifecycle closet@1.0.0~prestart: no script for prestart, continuing
7 info lifecycle closet@1.0.0~start: closet@1.0.0
8 verbose lifecycle closet@1.0.0~start: unsafe-perm in lifecycle true
9 verbose lifecycle closet@1.0.0~start: PATH: C:\Apps\node\node_modules\npm\bin\node-gyp-bin;C:\BabyWeb\h5\game\node_modules\.bin;C:\Program Files (x86)\Intel\iCLS Client\;C:\Program Files\Intel\iCLS Client\;C:\Windows\system32;C:\Windows;C:\Windows\System32\Wbem;C:\Windows\System32\WindowsPowerShell\v1.0\;C:\Program Files (x86)\Intel\Intel(R) Management Engine Components\DAL;C:\Program Files\Intel\Intel(R) Management Engine Components\DAL;C:\Program Files (x86)\Intel\Intel(R) Management Engine Components\IPT;C:\Program Files\Intel\Intel(R) Management Engine Components\IPT;C:\Program Files\TortoiseSVN\bin;C:\Apps\node\;C:\Program Files\Git\cmd;C:\Windows\system32\config\systemprofile\.dnx\bin;C:\Program Files\Microsoft DNX\Dnvm\;C:\Program Files\Microsoft SQL Server\120\Tools\Binn\;C:\Ruby22\bin;C:\Program Files\Ruby22\bin;C:\Users\86478\AppData\Local\Microsoft\WindowsApps;C:\Users\86478\AppData\Roaming\npm;C:\Program Files (x86)\Microsoft VS Code\bin;C:\Users\86478\AppData\Local\Programs\Fiddler;C:\Program Files (x86)\Fiddler2
10 verbose lifecycle closet@1.0.0~start: CWD: C:\BabyWeb\h5\game
11 silly lifecycle closet@1.0.0~start: Args: [ '/d /s /c',
11 silly lifecycle   'concurrently --kill-others "node ./fileServer.js ./" "gulp dev"' ]
12 silly lifecycle closet@1.0.0~start: Returned: code: 1  signal: null
13 info lifecycle closet@1.0.0~start: Failed to exec start script
14 verbose stack Error: closet@1.0.0 start: `concurrently --kill-others "node ./fileServer.js ./" "gulp dev"`
14 verbose stack Exit status 1
14 verbose stack     at EventEmitter.<anonymous> (C:\Apps\node\node_modules\npm\lib\utils\lifecycle.js:255:16)
14 verbose stack     at emitTwo (events.js:106:13)
14 verbose stack     at EventEmitter.emit (events.js:191:7)
14 verbose stack     at ChildProcess.<anonymous> (C:\Apps\node\node_modules\npm\lib\utils\spawn.js:40:14)
14 verbose stack     at emitTwo (events.js:106:13)
14 verbose stack     at ChildProcess.emit (events.js:191:7)
14 verbose stack     at maybeClose (internal/child_process.js:886:16)
14 verbose stack     at Process.ChildProcess._handle.onexit (internal/child_process.js:226:5)
15 verbose pkgid closet@1.0.0
16 verbose cwd C:\BabyWeb\h5\game
17 error Windows_NT 10.0.14393
18 error argv "C:\\Apps\\node\\node.exe" "C:\\Apps\\node\\node_modules\\npm\\bin\\npm-cli.js" "run" "start"
19 error node v6.10.1
20 error npm  v3.10.10
21 error code ELIFECYCLE
22 error closet@1.0.0 start: `concurrently --kill-others "node ./fileServer.js ./" "gulp dev"`
22 error Exit status 1
23 error Failed at the closet@1.0.0 start script 'concurrently --kill-others "node ./fileServer.js ./" "gulp dev"'.
23 error Make sure you have the latest version of node.js and npm installed.
23 error If you do, this is most likely a problem with the closet package,
23 error not with npm itself.
23 error Tell the author that this fails on your system:
23 error     concurrently --kill-others "node ./fileServer.js ./" "gulp dev"
23 error You can get information on how to open an issue for this project with:
23 error     npm bugs closet
23 error Or if that isn't available, you can get their info via:
23 error     npm owner ls closet
23 error There is likely additional logging output above.
24 verbose exit [ 1, true ]
